2026-03-18T10:21:23Z [VERBOSE] State files cleaned, starting fresh
2026-03-18T10:21:23Z [VERBOSE] Tool found: git
2026-03-18T10:21:23Z [VERBOSE] Tool found: jq
2026-03-18T10:21:23Z [VERBOSE] Tool found: openspec
2026-03-18T10:21:23Z [VERBOSE] Detected platform: OpenCode
2026-03-18T10:21:23Z [VERBOSE] Tool found: opencode
2026-03-18T10:21:23Z [VERBOSE] All required skills found
2026-03-18T10:21:23Z [VERBOSE] All required commands found
2026-03-18T10:21:23Z [VERBOSE] Git repository is ready
2026-03-18T10:21:23Z [VERBOSE] Change directory validated
2026-03-18T10:21:24Z [VERBOSE] Baseline recorded: 994787953c98161b297d6a1e14429681c82cbd93
2026-03-18T10:21:24Z [VERBOSE] State updated: PHASE0 (iteration 1, complete: false)
2026-03-18T10:21:24Z [VERBOSE] Using command: /osx-phase0
2026-03-18T10:21:24Z [VERBOSE] Using agent: osx-analyzer
2026-03-18T10:21:24Z [VERBOSE] Session title: OpenSpec: explicit-error-formatting - ARTIFACT REVIEW
================================
Progress Summary
================================
Change ID: explicit-error-formatting
Change directory: openspec/changes/explicit-error-formatting

Current phase: PHASE0 - ARTIFACT REVIEW
Phase iteration: 1

Total invocations: 1
Elapsed time: 5m 2s
Log file: .osx-orchestrate-explicit-error-formatting.log

Iterations by phase:
  PHASE0 (ARTIFACT REVIEW): 1
  PHASE1 (IMPLEMENTATION): 0
  PHASE2 (REVIEW): 0
  PHASE3 (MAINTAIN DOCS): 0
  PHASE4 (SYNC): 0
  PHASE5 (SELF-REFLECTION): 0
  PHASE6 (ARCHIVE): 0
================================
2026-03-18T10:26:25Z [VERBOSE] State updated: PHASE1 (iteration 1, complete: false)
2026-03-18T10:26:25Z [VERBOSE] Using command: /osx-phase1
2026-03-18T10:26:25Z [VERBOSE] Using agent: osx-builder
2026-03-18T10:26:25Z [VERBOSE] Session title: OpenSpec: explicit-error-formatting - IMPLEMENTATION
================================
Progress Summary
================================
Change ID: explicit-error-formatting
Change directory: openspec/changes/explicit-error-formatting

Current phase: PHASE1 - IMPLEMENTATION
Phase iteration: 1

Total invocations: 2
Elapsed time: 13m 3s
Log file: .osx-orchestrate-explicit-error-formatting.log

Iterations by phase:
  PHASE0 (ARTIFACT REVIEW): 1
  PHASE1 (IMPLEMENTATION): 1
  PHASE2 (REVIEW): 0
  PHASE3 (MAINTAIN DOCS): 0
  PHASE4 (SYNC): 0
  PHASE5 (SELF-REFLECTION): 0
  PHASE6 (ARCHIVE): 0
================================
2026-03-18T10:34:26Z [VERBOSE] State updated: PHASE2 (iteration 1, complete: false)
2026-03-18T10:34:26Z [VERBOSE] Using command: /osx-phase2
2026-03-18T10:34:26Z [VERBOSE] Using agent: osx-analyzer
2026-03-18T10:34:26Z [VERBOSE] Session title: OpenSpec: explicit-error-formatting - REVIEW
================================
Progress Summary
================================
Change ID: explicit-error-formatting
Change directory: openspec/changes/explicit-error-formatting

Current phase: PHASE2 - REVIEW
Phase iteration: 1

Total invocations: 3
Elapsed time: 16m 56s
Log file: .osx-orchestrate-explicit-error-formatting.log

Iterations by phase:
  PHASE0 (ARTIFACT REVIEW): 1
  PHASE1 (IMPLEMENTATION): 1
  PHASE2 (REVIEW): 1
  PHASE3 (MAINTAIN DOCS): 0
  PHASE4 (SYNC): 0
  PHASE5 (SELF-REFLECTION): 0
  PHASE6 (ARCHIVE): 0
================================
2026-03-18T10:38:19Z [VERBOSE] State updated: PHASE3 (iteration 1, complete: false)
2026-03-18T10:38:19Z [VERBOSE] Using command: /osx-phase3
2026-03-18T10:38:19Z [VERBOSE] Using agent: osx-maintainer
2026-03-18T10:38:19Z [VERBOSE] Session title: OpenSpec: explicit-error-formatting - MAINTAIN DOCS
================================
Progress Summary
================================
Change ID: explicit-error-formatting
Change directory: openspec/changes/explicit-error-formatting

Current phase: PHASE3 - MAINTAIN DOCS
Phase iteration: 1

Total invocations: 4
Elapsed time: 19m 55s
Log file: .osx-orchestrate-explicit-error-formatting.log

Iterations by phase:
  PHASE0 (ARTIFACT REVIEW): 1
  PHASE1 (IMPLEMENTATION): 1
  PHASE2 (REVIEW): 1
  PHASE3 (MAINTAIN DOCS): 1
  PHASE4 (SYNC): 0
  PHASE5 (SELF-REFLECTION): 0
  PHASE6 (ARCHIVE): 0
================================
2026-03-18T10:41:19Z [VERBOSE] State updated: PHASE4 (iteration 1, complete: false)
2026-03-18T10:41:19Z [VERBOSE] Using command: /osx-phase4
2026-03-18T10:41:19Z [VERBOSE] Using agent: osx-maintainer
2026-03-18T10:41:19Z [VERBOSE] Session title: OpenSpec: explicit-error-formatting - SYNC
================================
Progress Summary
================================
Change ID: explicit-error-formatting
Change directory: openspec/changes/explicit-error-formatting

Current phase: PHASE4 - SYNC
Phase iteration: 1

Total invocations: 5
Elapsed time: 21m 9s
Log file: .osx-orchestrate-explicit-error-formatting.log

Iterations by phase:
  PHASE0 (ARTIFACT REVIEW): 1
  PHASE1 (IMPLEMENTATION): 1
  PHASE2 (REVIEW): 1
  PHASE3 (MAINTAIN DOCS): 1
  PHASE4 (SYNC): 1
  PHASE5 (SELF-REFLECTION): 0
  PHASE6 (ARCHIVE): 0
================================
2026-03-18T10:42:32Z [VERBOSE] State updated: PHASE5 (iteration 1, complete: false)
2026-03-18T10:42:32Z [VERBOSE] Using command: /osx-phase5
2026-03-18T10:42:32Z [VERBOSE] Using agent: osx-analyzer
2026-03-18T10:42:32Z [VERBOSE] Session title: OpenSpec: explicit-error-formatting - SELF-REFLECTION
================================
Progress Summary
================================
Change ID: explicit-error-formatting
Change directory: openspec/changes/explicit-error-formatting

Current phase: PHASE6 - ARCHIVE
Phase iteration: 1

Total invocations: 6
Elapsed time: 31m 37s
Log file: .osx-orchestrate-explicit-error-formatting.log

Iterations by phase:
  PHASE0 (ARTIFACT REVIEW): 1
  PHASE1 (IMPLEMENTATION): 1
  PHASE2 (REVIEW): 1
  PHASE3 (MAINTAIN DOCS): 1
  PHASE4 (SYNC): 1
  PHASE5 (SELF-REFLECTION): 1
  PHASE6 (ARCHIVE): 0
================================
2026-03-18T10:53:00Z [VERBOSE] State updated: PHASE6 (iteration 1, complete: false)
2026-03-18T10:53:00Z [VERBOSE] Using command: /osx-phase6
2026-03-18T10:53:00Z [VERBOSE] Using agent: osx-maintainer
2026-03-18T10:53:00Z [VERBOSE] Session title: OpenSpec: explicit-error-formatting - ARCHIVE
