2026-03-13T08:44:05Z [VERBOSE] Logging to: .openspec-auto-improve-shell-completion.log
2026-03-13T08:44:05Z [INFO]
2026-03-13T08:44:05Z [INFO] ================================
2026-03-13T08:44:05Z [INFO] OpenSpec Autonomous Implementation
2026-03-13T08:44:05Z [INFO] ================================
2026-03-13T08:44:05Z [INFO] Version: 1.6.1
2026-03-13T08:44:05Z [INFO] Change ID: improve-shell-completion
2026-03-13T08:44:05Z [INFO] Change directory: openspec/changes/improve-shell-completion
2026-03-13T08:44:05Z [INFO] Max phase iterations: 10
2026-03-13T08:44:05Z [INFO] Timeout: 18000 seconds
2026-03-13T08:44:05Z [INFO] Log file: .openspec-auto-improve-shell-completion.log
2026-03-13T08:44:05Z [INFO] ================================
2026-03-13T08:44:05Z [INFO]
2026-03-13T08:44:05Z [VERBOSE] Tool found: git
2026-03-13T08:44:05Z [VERBOSE] Tool found: jq
2026-03-13T08:44:05Z [VERBOSE] Tool found: openspec
2026-03-13T08:44:05Z [VERBOSE] Detected platform: OpenCode
2026-03-13T08:44:05Z [VERBOSE] Tool found: opencode
2026-03-13T08:44:05Z [INFO] Validating required skills...
2026-03-13T08:44:05Z [VERBOSE] All required skills found
2026-03-13T08:44:05Z [INFO] Validating required commands...
2026-03-13T08:44:05Z [VERBOSE] All required commands found
2026-03-13T08:44:05Z [INFO] Validating git repository...
2026-03-13T08:44:05Z [VERBOSE] Git repository is ready
2026-03-13T08:44:05Z [INFO] Validating change directory...
