2026-03-16T09:14:29Z [VERBOSE] State files cleaned, starting fresh
2026-03-16T09:14:29Z [VERBOSE] Tool found: git
2026-03-16T09:14:29Z [VERBOSE] Tool found: jq
2026-03-16T09:14:29Z [VERBOSE] Tool found: openspec
2026-03-16T09:14:29Z [VERBOSE] Detected platform: OpenCode
2026-03-16T09:14:29Z [VERBOSE] Tool found: opencode
2026-03-16T09:14:29Z [VERBOSE] All required skills found
2026-03-16T09:14:29Z [VERBOSE] All required commands found
2026-03-16T09:14:29Z [VERBOSE] Git repository is ready
2026-03-16T09:14:30Z [VERBOSE] Change directory validated
2026-03-16T09:14:30Z [VERBOSE] Baseline recorded: 6808a37e95b6342136a1a1f578a50f083a86165c
2026-03-16T09:14:30Z [VERBOSE] State updated: PHASE0 (iteration 1, complete: false)
2026-03-16T09:14:30Z [VERBOSE] Using command: /osx-phase0
2026-03-16T09:14:30Z [VERBOSE] Using agent: osx-analyzer
2026-03-16T09:14:30Z [VERBOSE] Session title: OpenSpec: output-scripting - ARTIFACT REVIEW
================================
Progress Summary
================================
Change ID: output-scripting
Change directory: openspec/changes/output-scripting

Current phase: PHASE0 - ARTIFACT REVIEW
Phase iteration: 1

Total invocations: 1
Elapsed time: 11m 0s
Log file: .osx-orchestrate-output-scripting.log

Iterations by phase:
  PHASE0 (ARTIFACT REVIEW): 1
  PHASE1 (IMPLEMENTATION): 0
  PHASE2 (REVIEW): 0
  PHASE3 (MAINTAIN DOCS): 0
  PHASE4 (SYNC): 0
  PHASE5 (SELF-REFLECTION): 0
  PHASE6 (ARCHIVE): 0
================================
2026-03-16T09:25:29Z [VERBOSE] State updated: PHASE1 (iteration 1, complete: false)
2026-03-16T09:25:29Z [VERBOSE] Using command: /osx-phase1
2026-03-16T09:25:29Z [VERBOSE] Using agent: osx-builder
2026-03-16T09:25:29Z [VERBOSE] Session title: OpenSpec: output-scripting - IMPLEMENTATION
================================
Progress Summary
================================
Change ID: output-scripting
Change directory: openspec/changes/output-scripting

Current phase: PHASE1 - IMPLEMENTATION
Phase iteration: 1

Total invocations: 2
Elapsed time: 38m 30s
Log file: .osx-orchestrate-output-scripting.log

Iterations by phase:
  PHASE0 (ARTIFACT REVIEW): 1
  PHASE1 (IMPLEMENTATION): 1
  PHASE2 (REVIEW): 0
  PHASE3 (MAINTAIN DOCS): 0
  PHASE4 (SYNC): 0
  PHASE5 (SELF-REFLECTION): 0
  PHASE6 (ARCHIVE): 0
================================
2026-03-16T09:52:59Z [VERBOSE] State updated: PHASE2 (iteration 1, complete: false)
2026-03-16T09:52:59Z [VERBOSE] Using command: /osx-phase2
2026-03-16T09:52:59Z [VERBOSE] Using agent: osx-analyzer
2026-03-16T09:52:59Z [VERBOSE] Session title: OpenSpec: output-scripting - REVIEW
================================
Progress Summary
================================
Change ID: output-scripting
Change directory: openspec/changes/output-scripting

Current phase: PHASE2 - REVIEW
Phase iteration: 1

Total invocations: 3
Elapsed time: 48m 52s
Log file: .osx-orchestrate-output-scripting.log

Iterations by phase:
  PHASE0 (ARTIFACT REVIEW): 1
  PHASE1 (IMPLEMENTATION): 1
  PHASE2 (REVIEW): 1
  PHASE3 (MAINTAIN DOCS): 0
  PHASE4 (SYNC): 0
  PHASE5 (SELF-REFLECTION): 0
  PHASE6 (ARCHIVE): 0
================================
2026-03-16T10:03:22Z [VERBOSE] State updated: PHASE3 (iteration 1, complete: false)
2026-03-16T10:03:22Z [VERBOSE] Using command: /osx-phase3
2026-03-16T10:03:22Z [VERBOSE] Using agent: osx-maintainer
2026-03-16T10:03:22Z [VERBOSE] Session title: OpenSpec: output-scripting - MAINTAIN DOCS
================================
Progress Summary
================================
Change ID: output-scripting
Change directory: openspec/changes/output-scripting

Current phase: PHASE3 - MAINTAIN DOCS
Phase iteration: 1

Total invocations: 4
Elapsed time: 52m 44s
Log file: .osx-orchestrate-output-scripting.log

Iterations by phase:
  PHASE0 (ARTIFACT REVIEW): 1
  PHASE1 (IMPLEMENTATION): 1
  PHASE2 (REVIEW): 1
  PHASE3 (MAINTAIN DOCS): 1
  PHASE4 (SYNC): 0
  PHASE5 (SELF-REFLECTION): 0
  PHASE6 (ARCHIVE): 0
================================
2026-03-16T10:07:13Z [VERBOSE] State updated: PHASE4 (iteration 1, complete: false)
2026-03-16T10:07:13Z [VERBOSE] Using command: /osx-phase4
2026-03-16T10:07:13Z [VERBOSE] Using agent: osx-maintainer
2026-03-16T10:07:13Z [VERBOSE] Session title: OpenSpec: output-scripting - SYNC
================================
Progress Summary
================================
Change ID: output-scripting
Change directory: openspec/changes/output-scripting

Current phase: PHASE4 - SYNC
Phase iteration: 1

Total invocations: 5
Elapsed time: 58m 17s
Log file: .osx-orchestrate-output-scripting.log

Iterations by phase:
  PHASE0 (ARTIFACT REVIEW): 1
  PHASE1 (IMPLEMENTATION): 1
  PHASE2 (REVIEW): 1
  PHASE3 (MAINTAIN DOCS): 1
  PHASE4 (SYNC): 1
  PHASE5 (SELF-REFLECTION): 0
  PHASE6 (ARCHIVE): 0
================================
2026-03-16T10:12:46Z [VERBOSE] State updated: PHASE5 (iteration 1, complete: false)
2026-03-16T10:12:46Z [VERBOSE] Using command: /osx-phase5
2026-03-16T10:12:46Z [VERBOSE] Using agent: osx-analyzer
2026-03-16T10:12:46Z [VERBOSE] Session title: OpenSpec: output-scripting - SELF-REFLECTION
2026-03-16T10:16:19Z [VERBOSE] State updated: PHASE5 (iteration 2, complete: false)
2026-03-16T10:16:19Z [VERBOSE] Using command: /osx-phase5
2026-03-16T10:16:19Z [VERBOSE] Using agent: osx-analyzer
2026-03-16T10:16:19Z [VERBOSE] Session title: OpenSpec: output-scripting - SELF-REFLECTION
2026-03-16T10:19:33Z [VERBOSE] State updated: PHASE5 (iteration 3, complete: false)
2026-03-16T10:19:33Z [VERBOSE] Using command: /osx-phase5
2026-03-16T10:19:33Z [VERBOSE] Using agent: osx-analyzer
2026-03-16T10:19:33Z [VERBOSE] Session title: OpenSpec: output-scripting - SELF-REFLECTION
================================
Progress Summary
================================
Change ID: output-scripting
Change directory: openspec/changes/output-scripting

Current phase: PHASE5 - SELF-REFLECTION
Phase iteration: 3

Total invocations: 8
Elapsed time: 68m 30s
Log file: .osx-orchestrate-output-scripting.log

Iterations by phase:
  PHASE0 (ARTIFACT REVIEW): 1
  PHASE1 (IMPLEMENTATION): 1
  PHASE2 (REVIEW): 1
  PHASE3 (MAINTAIN DOCS): 1
  PHASE4 (SYNC): 1
  PHASE5 (SELF-REFLECTION): 3
  PHASE6 (ARCHIVE): 0
================================
2026-03-16T10:22:59Z [VERBOSE] State updated: PHASE6 (iteration 1, complete: false)
2026-03-16T10:22:59Z [VERBOSE] Using command: /osx-phase6
2026-03-16T10:22:59Z [VERBOSE] Using agent: osx-maintainer
2026-03-16T10:22:59Z [VERBOSE] Session title: OpenSpec: output-scripting - ARCHIVE
