2026-03-17T14:40:16Z [VERBOSE] State files cleaned, starting fresh
2026-03-17T14:40:16Z [VERBOSE] Tool found: git
2026-03-17T14:40:16Z [VERBOSE] Tool found: jq
2026-03-17T14:40:16Z [VERBOSE] Tool found: openspec
2026-03-17T14:40:16Z [VERBOSE] Detected platform: OpenCode
2026-03-17T14:40:16Z [VERBOSE] Tool found: opencode
2026-03-17T14:40:16Z [VERBOSE] All required skills found
2026-03-17T14:40:16Z [VERBOSE] All required commands found
2026-03-17T14:40:16Z [VERBOSE] Git repository is ready
2026-03-17T14:40:16Z [VERBOSE] Change directory validated
2026-03-17T14:40:16Z [VERBOSE] Baseline recorded: 4f0eda82462919bee97d9740f82bd97203945195
2026-03-17T14:40:16Z [VERBOSE] State updated: PHASE0 (iteration 1, complete: false)
2026-03-17T14:40:16Z [VERBOSE] Using command: /osx-phase0
2026-03-17T14:40:16Z [VERBOSE] Using agent: osx-analyzer
2026-03-17T14:40:16Z [VERBOSE] Session title: OpenSpec: version-package-migration - ARTIFACT REVIEW
================================
Progress Summary
================================
Change ID: version-package-migration
Change directory: openspec/changes/version-package-migration

Current phase: PHASE0 - ARTIFACT REVIEW
Phase iteration: 1

Total invocations: 1
Elapsed time: 2m 2s
Log file: .osx-orchestrate-version-package-migration.log

Iterations by phase:
  PHASE0 (ARTIFACT REVIEW): 1
  PHASE1 (IMPLEMENTATION): 0
  PHASE2 (REVIEW): 0
  PHASE3 (MAINTAIN DOCS): 0
  PHASE4 (SYNC): 0
  PHASE5 (SELF-REFLECTION): 0
  PHASE6 (ARCHIVE): 0
================================
2026-03-17T14:42:18Z [VERBOSE] State updated: PHASE1 (iteration 1, complete: false)
2026-03-17T14:42:18Z [VERBOSE] Using command: /osx-phase1
2026-03-17T14:42:18Z [VERBOSE] Using agent: osx-builder
2026-03-17T14:42:18Z [VERBOSE] Session title: OpenSpec: version-package-migration - IMPLEMENTATION
================================
Progress Summary
================================
Change ID: version-package-migration
Change directory: openspec/changes/version-package-migration

Current phase: PHASE1 - IMPLEMENTATION
Phase iteration: 1

Total invocations: 2
Elapsed time: 8m 7s
Log file: .osx-orchestrate-version-package-migration.log

Iterations by phase:
  PHASE0 (ARTIFACT REVIEW): 1
  PHASE1 (IMPLEMENTATION): 1
  PHASE2 (REVIEW): 0
  PHASE3 (MAINTAIN DOCS): 0
  PHASE4 (SYNC): 0
  PHASE5 (SELF-REFLECTION): 0
  PHASE6 (ARCHIVE): 0
================================
2026-03-17T14:48:24Z [VERBOSE] State updated: PHASE2 (iteration 1, complete: false)
2026-03-17T14:48:24Z [VERBOSE] Using command: /osx-phase2
2026-03-17T14:48:24Z [VERBOSE] Using agent: osx-analyzer
2026-03-17T14:48:24Z [VERBOSE] Session title: OpenSpec: version-package-migration - REVIEW
2026-03-17T14:54:36Z [VERBOSE] State updated: PHASE2 (iteration 2, complete: false)
2026-03-17T14:54:36Z [VERBOSE] Using command: /osx-phase2
2026-03-17T14:54:36Z [VERBOSE] Using agent: osx-analyzer
2026-03-17T14:54:36Z [VERBOSE] Session title: OpenSpec: version-package-migration - REVIEW
================================
Progress Summary
================================
Change ID: version-package-migration
Change directory: openspec/changes/version-package-migration

Current phase: PHASE2 - REVIEW
Phase iteration: 2

Total invocations: 4
Elapsed time: 17m 50s
Log file: .osx-orchestrate-version-package-migration.log

Iterations by phase:
  PHASE0 (ARTIFACT REVIEW): 1
  PHASE1 (IMPLEMENTATION): 2
  PHASE2 (REVIEW): 2
  PHASE3 (MAINTAIN DOCS): 0
  PHASE4 (SYNC): 0
  PHASE5 (SELF-REFLECTION): 0
  PHASE6 (ARCHIVE): 0
================================
2026-03-17T14:58:06Z [VERBOSE] Reason: implementation_incorrect
2026-03-17T14:58:06Z [VERBOSE] Details: Local build configuration (.mise/config.toml) not updated - tasks 3.3-3.6 and verification steps 4.1-4.2 incomplete
2026-03-17T14:58:06Z [VERBOSE] State updated: PHASE1 (iteration 1, complete: false)
2026-03-17T14:58:06Z [VERBOSE] Using command: /osx-phase1
2026-03-17T14:58:06Z [VERBOSE] Using agent: osx-builder
2026-03-17T14:58:06Z [VERBOSE] Session title: OpenSpec: version-package-migration - IMPLEMENTATION
================================
Progress Summary
================================
Change ID: version-package-migration
Change directory: openspec/changes/version-package-migration

Current phase: PHASE1 - IMPLEMENTATION
Phase iteration: 1

Total invocations: 5
Elapsed time: 22m 36s
Log file: .osx-orchestrate-version-package-migration.log

Iterations by phase:
  PHASE0 (ARTIFACT REVIEW): 1
  PHASE1 (IMPLEMENTATION): 3
  PHASE2 (REVIEW): 2
  PHASE3 (MAINTAIN DOCS): 0
  PHASE4 (SYNC): 0
  PHASE5 (SELF-REFLECTION): 0
  PHASE6 (ARCHIVE): 0
================================
2026-03-17T15:02:52Z [VERBOSE] State updated: PHASE2 (iteration 1, complete: false)
2026-03-17T15:02:52Z [VERBOSE] Using command: /osx-phase2
2026-03-17T15:02:52Z [VERBOSE] Using agent: osx-analyzer
2026-03-17T15:02:52Z [VERBOSE] Session title: OpenSpec: version-package-migration - REVIEW
================================
Progress Summary
================================
Change ID: version-package-migration
Change directory: openspec/changes/version-package-migration

Current phase: PHASE2 - REVIEW
Phase iteration: 1

Total invocations: 6
Elapsed time: 26m 19s
Log file: .osx-orchestrate-version-package-migration.log

Iterations by phase:
  PHASE0 (ARTIFACT REVIEW): 1
  PHASE1 (IMPLEMENTATION): 3
  PHASE2 (REVIEW): 3
  PHASE3 (MAINTAIN DOCS): 0
  PHASE4 (SYNC): 0
  PHASE5 (SELF-REFLECTION): 0
  PHASE6 (ARCHIVE): 0
================================
2026-03-17T15:06:35Z [VERBOSE] State updated: PHASE3 (iteration 1, complete: false)
2026-03-17T15:06:35Z [VERBOSE] Using command: /osx-phase3
2026-03-17T15:06:35Z [VERBOSE] Using agent: osx-maintainer
2026-03-17T15:06:35Z [VERBOSE] Session title: OpenSpec: version-package-migration - MAINTAIN DOCS
================================
Progress Summary
================================
Change ID: version-package-migration
Change directory: openspec/changes/version-package-migration

Current phase: PHASE3 - MAINTAIN DOCS
Phase iteration: 1

Total invocations: 7
Elapsed time: 29m 2s
Log file: .osx-orchestrate-version-package-migration.log

Iterations by phase:
  PHASE0 (ARTIFACT REVIEW): 1
  PHASE1 (IMPLEMENTATION): 3
  PHASE2 (REVIEW): 3
  PHASE3 (MAINTAIN DOCS): 1
  PHASE4 (SYNC): 0
  PHASE5 (SELF-REFLECTION): 0
  PHASE6 (ARCHIVE): 0
================================
2026-03-17T15:09:18Z [VERBOSE] State updated: PHASE4 (iteration 1, complete: false)
2026-03-17T15:09:18Z [VERBOSE] Using command: /osx-phase4
2026-03-17T15:09:18Z [VERBOSE] Using agent: osx-maintainer
2026-03-17T15:09:18Z [VERBOSE] Session title: OpenSpec: version-package-migration - SYNC
================================
Progress Summary
================================
Change ID: version-package-migration
Change directory: openspec/changes/version-package-migration

Current phase: PHASE4 - SYNC
Phase iteration: 1

Total invocations: 8
Elapsed time: 30m 35s
Log file: .osx-orchestrate-version-package-migration.log

Iterations by phase:
  PHASE0 (ARTIFACT REVIEW): 1
  PHASE1 (IMPLEMENTATION): 3
  PHASE2 (REVIEW): 3
  PHASE3 (MAINTAIN DOCS): 1
  PHASE4 (SYNC): 1
  PHASE5 (SELF-REFLECTION): 0
  PHASE6 (ARCHIVE): 0
================================
2026-03-17T15:10:51Z [VERBOSE] State updated: PHASE5 (iteration 1, complete: false)
2026-03-17T15:10:51Z [VERBOSE] Using command: /osx-phase5
2026-03-17T15:10:51Z [VERBOSE] Using agent: osx-analyzer
2026-03-17T15:10:51Z [VERBOSE] Session title: OpenSpec: version-package-migration - SELF-REFLECTION
================================
Progress Summary
================================
Change ID: version-package-migration
Change directory: openspec/changes/version-package-migration

Current phase: PHASE6 - ARCHIVE
Phase iteration: 1

Total invocations: 9
Elapsed time: 33m 19s
Log file: .osx-orchestrate-version-package-migration.log

Iterations by phase:
  PHASE0 (ARTIFACT REVIEW): 1
  PHASE1 (IMPLEMENTATION): 3
  PHASE2 (REVIEW): 3
  PHASE3 (MAINTAIN DOCS): 1
  PHASE4 (SYNC): 1
  PHASE5 (SELF-REFLECTION): 1
  PHASE6 (ARCHIVE): 0
================================
2026-03-17T15:13:35Z [VERBOSE] State updated: PHASE6 (iteration 1, complete: false)
2026-03-17T15:13:35Z [VERBOSE] Using command: /osx-phase6
2026-03-17T15:13:35Z [VERBOSE] Using agent: osx-maintainer
2026-03-17T15:13:35Z [VERBOSE] Session title: OpenSpec: version-package-migration - ARCHIVE
