2026-03-13T15:10:37Z [VERBOSE] State files cleaned, starting fresh
2026-03-13T15:10:37Z [VERBOSE] Tool found: git
2026-03-13T15:10:37Z [VERBOSE] Tool found: jq
2026-03-13T15:10:37Z [VERBOSE] Tool found: openspec
2026-03-13T15:10:37Z [VERBOSE] Detected platform: OpenCode
2026-03-13T15:10:37Z [VERBOSE] Tool found: opencode
2026-03-13T15:10:37Z [VERBOSE] All required skills found
2026-03-13T15:10:37Z [VERBOSE] All required commands found
2026-03-13T15:10:37Z [VERBOSE] Git repository is ready
2026-03-13T15:10:37Z [VERBOSE] Change directory validated
2026-03-13T15:10:37Z [VERBOSE] Baseline recorded: 593fde8fb61d08fa3853ba2e367a9e0e9c010fad
2026-03-13T15:10:37Z [VERBOSE] State updated: PHASE0 (iteration 1, complete: false)
2026-03-13T15:10:37Z [VERBOSE] Using command: /osx-phase0
2026-03-13T15:10:37Z [VERBOSE] Using agent: osx-analyzer
2026-03-13T15:10:37Z [VERBOSE] Session title: OpenSpec: release-foundation-docs - ARTIFACT REVIEW
================================
Progress Summary
================================
Change ID: release-foundation-docs
Change directory: openspec/changes/release-foundation-docs

Current phase: PHASE0 - ARTIFACT REVIEW
Phase iteration: 1

Total invocations: 1
Elapsed time: 2m 24s
Log file: .osx-orchestrate-release-foundation-docs.log

Iterations by phase:
  PHASE0 (ARTIFACT REVIEW): 1
  PHASE1 (IMPLEMENTATION): 0
  PHASE2 (REVIEW): 0
  PHASE3 (MAINTAIN DOCS): 0
  PHASE4 (SYNC): 0
  PHASE5 (SELF-REFLECTION): 0
  PHASE6 (ARCHIVE): 0
================================
2026-03-13T15:13:01Z [VERBOSE] State updated: PHASE1 (iteration 1, complete: false)
2026-03-13T15:13:01Z [VERBOSE] Using command: /osx-phase1
2026-03-13T15:13:01Z [VERBOSE] Using agent: osx-builder
2026-03-13T15:13:01Z [VERBOSE] Session title: OpenSpec: release-foundation-docs - IMPLEMENTATION
================================
Progress Summary
================================
Change ID: release-foundation-docs
Change directory: openspec/changes/release-foundation-docs

Current phase: PHASE1 - IMPLEMENTATION
Phase iteration: 1

Total invocations: 2
Elapsed time: 5m 15s
Log file: .osx-orchestrate-release-foundation-docs.log

Iterations by phase:
  PHASE0 (ARTIFACT REVIEW): 1
  PHASE1 (IMPLEMENTATION): 1
  PHASE2 (REVIEW): 0
  PHASE3 (MAINTAIN DOCS): 0
  PHASE4 (SYNC): 0
  PHASE5 (SELF-REFLECTION): 0
  PHASE6 (ARCHIVE): 0
================================
2026-03-13T15:15:52Z [VERBOSE] State updated: PHASE2 (iteration 1, complete: false)
2026-03-13T15:15:52Z [VERBOSE] Using command: /osx-phase2
2026-03-13T15:15:52Z [VERBOSE] Using agent: osx-analyzer
2026-03-13T15:15:52Z [VERBOSE] Session title: OpenSpec: release-foundation-docs - REVIEW
================================
Progress Summary
================================
Change ID: release-foundation-docs
Change directory: openspec/changes/release-foundation-docs

Current phase: PHASE2 - REVIEW
Phase iteration: 1

Total invocations: 3
Elapsed time: 7m 7s
Log file: .osx-orchestrate-release-foundation-docs.log

Iterations by phase:
  PHASE0 (ARTIFACT REVIEW): 1
  PHASE1 (IMPLEMENTATION): 1
  PHASE2 (REVIEW): 1
  PHASE3 (MAINTAIN DOCS): 0
  PHASE4 (SYNC): 0
  PHASE5 (SELF-REFLECTION): 0
  PHASE6 (ARCHIVE): 0
================================
2026-03-13T15:17:44Z [VERBOSE] State updated: PHASE3 (iteration 1, complete: false)
2026-03-13T15:17:44Z [VERBOSE] Using command: /osx-phase3
2026-03-13T15:17:44Z [VERBOSE] Using agent: osx-maintainer
2026-03-13T15:17:44Z [VERBOSE] Session title: OpenSpec: release-foundation-docs - MAINTAIN DOCS
================================
Progress Summary
================================
Change ID: release-foundation-docs
Change directory: openspec/changes/release-foundation-docs

Current phase: PHASE3 - MAINTAIN DOCS
Phase iteration: 1

Total invocations: 4
Elapsed time: 8m 53s
Log file: .osx-orchestrate-release-foundation-docs.log

Iterations by phase:
  PHASE0 (ARTIFACT REVIEW): 1
  PHASE1 (IMPLEMENTATION): 1
  PHASE2 (REVIEW): 1
  PHASE3 (MAINTAIN DOCS): 1
  PHASE4 (SYNC): 0
  PHASE5 (SELF-REFLECTION): 0
  PHASE6 (ARCHIVE): 0
================================
2026-03-13T15:19:30Z [VERBOSE] State updated: PHASE4 (iteration 1, complete: false)
2026-03-13T15:19:30Z [VERBOSE] Using command: /osx-phase4
2026-03-13T15:19:30Z [VERBOSE] Using agent: osx-maintainer
2026-03-13T15:19:30Z [VERBOSE] Session title: OpenSpec: release-foundation-docs - SYNC
================================
Progress Summary
================================
Change ID: release-foundation-docs
Change directory: openspec/changes/release-foundation-docs

Current phase: PHASE4 - SYNC
Phase iteration: 1

Total invocations: 5
Elapsed time: 10m 4s
Log file: .osx-orchestrate-release-foundation-docs.log

Iterations by phase:
  PHASE0 (ARTIFACT REVIEW): 1
  PHASE1 (IMPLEMENTATION): 1
  PHASE2 (REVIEW): 1
  PHASE3 (MAINTAIN DOCS): 1
  PHASE4 (SYNC): 1
  PHASE5 (SELF-REFLECTION): 0
  PHASE6 (ARCHIVE): 0
================================
2026-03-13T15:20:41Z [VERBOSE] State updated: PHASE5 (iteration 1, complete: false)
2026-03-13T15:20:41Z [VERBOSE] Using command: /osx-phase5
2026-03-13T15:20:41Z [VERBOSE] Using agent: osx-analyzer
2026-03-13T15:20:41Z [VERBOSE] Session title: OpenSpec: release-foundation-docs - SELF-REFLECTION
================================
Progress Summary
================================
Change ID: release-foundation-docs
Change directory: openspec/changes/release-foundation-docs

Current phase: PHASE5 - SELF-REFLECTION
Phase iteration: 1

Total invocations: 6
Elapsed time: 12m 35s
Log file: .osx-orchestrate-release-foundation-docs.log

Iterations by phase:
  PHASE0 (ARTIFACT REVIEW): 1
  PHASE1 (IMPLEMENTATION): 1
  PHASE2 (REVIEW): 1
  PHASE3 (MAINTAIN DOCS): 1
  PHASE4 (SYNC): 1
  PHASE5 (SELF-REFLECTION): 1
  PHASE6 (ARCHIVE): 0
================================
2026-03-13T15:23:13Z [VERBOSE] State updated: PHASE6 (iteration 1, complete: false)
2026-03-13T15:23:13Z [VERBOSE] Using command: /osx-phase6
2026-03-13T15:23:13Z [VERBOSE] Using agent: osx-maintainer
2026-03-13T15:23:13Z [VERBOSE] Session title: OpenSpec: release-foundation-docs - ARCHIVE
